<?xml version="1.0" encoding="UTF-8"?>
<!-- Generated by org.testng.reporters.JUnitReportReporter -->
<testsuite hostname="WINCTRL-G90EA4E" name="com.rameshsoft.automation.testng.ATest" tests="2" failures="0" timestamp="9 Apr 2018 04:42:54 GMT" time="0.028" errors="0">
  <testcase name="atest1" time="0.022" classname="com.rameshsoft.automation.testng.ATest"/>
  <testcase name="atest" time="0.006" classname="com.rameshsoft.automation.testng.ATest"/>
</testsuite> <!-- com.rameshsoft.automation.testng.ATest -->
