<?xml version="1.0" encoding="UTF-8"?>
<!-- Generated by org.testng.reporters.JUnitReportReporter -->
<testsuite hostname="WINCTRL-G90EA4E" name="com.rameshsoft.automation.testng.CTest" tests="2" failures="0" timestamp="10 Apr 2018 05:34:09 GMT" time="0.017" errors="0">
  <testcase name="atest" time="0.014" classname="com.rameshsoft.automation.testng.CTest"/>
  <testcase name="atest1" time="0.003" classname="com.rameshsoft.automation.testng.CTest"/>
</testsuite> <!-- com.rameshsoft.automation.testng.CTest -->
