<?xml version="1.0" encoding="UTF-8"?>
<!-- Generated by org.testng.reporters.JUnitReportReporter -->
<testsuite hostname="WINCTRL-G90EA4E" name="com.rameshsoft.automation.testng.BTest" tests="2" failures="0" timestamp="10 Apr 2018 05:32:36 GMT" time="0.016" errors="0">
  <testcase name="atest" time="0.014" classname="com.rameshsoft.automation.testng.BTest"/>
  <testcase name="atest1" time="0.002" classname="com.rameshsoft.automation.testng.BTest"/>
</testsuite> <!-- com.rameshsoft.automation.testng.BTest -->
