<?xml version="1.0" encoding="UTF-8"?>
<!-- Generated by org.testng.reporters.JUnitReportReporter -->
<testsuite hostname="WINCTRL-G90EA4E" name="com.rameshsoft.automation.testng.TestNGTest" tests="2" failures="0" timestamp="7 Apr 2018 07:10:13 GMT" time="10.063" errors="0">
  <testcase name="fbTest" time="3.681" classname="com.rameshsoft.automation.testng.TestNGTest"/>
  <testcase name="gmailTest" time="6.382" classname="com.rameshsoft.automation.testng.TestNGTest"/>
</testsuite> <!-- com.rameshsoft.automation.testng.TestNGTest -->
